2024-12-14 11:12: Experiment log path in: ./
2024-12-14 11:12: Train Epoch 1: 0/164 Loss: 60.774536
2024-12-14 11:12: Train Epoch 1: 20/164 Loss: 40.090206
2024-12-14 11:12: Train Epoch 1: 40/164 Loss: 35.515049
2024-12-14 11:12: Train Epoch 1: 60/164 Loss: 41.505356
2024-12-14 11:12: Train Epoch 1: 80/164 Loss: 31.870880
2024-12-14 11:12: Train Epoch 1: 100/164 Loss: 30.733000
2024-12-14 11:12: Train Epoch 1: 120/164 Loss: 34.093082
2024-12-14 11:12: Train Epoch 1: 140/164 Loss: 32.598927
2024-12-14 11:13: Train Epoch 1: 160/164 Loss: 33.830566
2024-12-14 11:13: **********Train Epoch 1: averaged Loss: 37.064554
2024-12-14 11:13: **********Val Epoch 1: average Loss: 36.048442
2024-12-14 11:13: Train Epoch 2: 0/164 Loss: 41.765659
2024-12-14 11:13: Train Epoch 2: 20/164 Loss: 40.148979
2024-12-14 11:13: Train Epoch 2: 40/164 Loss: 28.991261
2024-12-14 11:13: Train Epoch 2: 60/164 Loss: 37.921516
2024-12-14 11:13: Train Epoch 2: 80/164 Loss: 28.552471
2024-12-14 11:13: Train Epoch 2: 100/164 Loss: 34.098267
2024-12-14 11:13: Train Epoch 2: 120/164 Loss: 25.768166
2024-12-14 11:13: Train Epoch 2: 140/164 Loss: 29.440468
2024-12-14 11:13: Train Epoch 2: 160/164 Loss: 26.943310
2024-12-14 11:13: **********Train Epoch 2: averaged Loss: 30.232324
2024-12-14 11:13: **********Val Epoch 2: average Loss: 29.700895
2024-12-14 11:13: Train Epoch 3: 0/164 Loss: 28.120388
2024-12-14 11:13: Train Epoch 3: 20/164 Loss: 30.710514
2024-12-14 11:13: Train Epoch 3: 40/164 Loss: 33.463577
2024-12-14 11:13: Train Epoch 3: 60/164 Loss: 28.203112
2024-12-14 11:13: Train Epoch 3: 80/164 Loss: 34.257298
2024-12-14 11:13: Train Epoch 3: 100/164 Loss: 23.749628
2024-12-14 11:13: Train Epoch 3: 120/164 Loss: 23.727114
2024-12-14 11:13: Train Epoch 3: 140/164 Loss: 27.299015
2024-12-14 11:13: Train Epoch 3: 160/164 Loss: 24.957270
2024-12-14 11:13: **********Train Epoch 3: averaged Loss: 29.064094
2024-12-14 11:13: **********Val Epoch 3: average Loss: 29.726123
2024-12-14 11:13: Train Epoch 4: 0/164 Loss: 27.407495
2024-12-14 11:14: Train Epoch 4: 20/164 Loss: 27.661283
2024-12-14 11:14: Train Epoch 4: 40/164 Loss: 25.655031
2024-12-14 11:14: Train Epoch 4: 60/164 Loss: 23.816603
2024-12-14 11:14: Train Epoch 4: 80/164 Loss: 27.299601
2024-12-14 11:14: Train Epoch 4: 100/164 Loss: 28.255220
2024-12-14 11:14: Train Epoch 4: 120/164 Loss: 26.546974
2024-12-14 11:14: Train Epoch 4: 140/164 Loss: 31.111906
2024-12-14 11:14: Train Epoch 4: 160/164 Loss: 25.135256
2024-12-14 11:14: **********Train Epoch 4: averaged Loss: 28.200768
2024-12-14 11:14: **********Val Epoch 4: average Loss: 28.092457
2024-12-14 11:14: Train Epoch 5: 0/164 Loss: 26.848419
2024-12-14 11:14: Train Epoch 5: 20/164 Loss: 23.841700
2024-12-14 11:14: Train Epoch 5: 40/164 Loss: 27.676800
2024-12-14 11:14: Train Epoch 5: 60/164 Loss: 25.105806
2024-12-14 11:14: Train Epoch 5: 80/164 Loss: 25.882734
2024-12-14 11:14: Train Epoch 5: 100/164 Loss: 27.179962
2024-12-14 11:14: Train Epoch 5: 120/164 Loss: 27.406986
2024-12-14 11:14: Train Epoch 5: 140/164 Loss: 26.511459
2024-12-14 11:14: Train Epoch 5: 160/164 Loss: 29.069155
2024-12-14 11:14: **********Train Epoch 5: averaged Loss: 27.364709
2024-12-14 11:14: **********Val Epoch 5: average Loss: 26.944851
2024-12-14 11:14: Train Epoch 6: 0/164 Loss: 35.234039
2024-12-14 11:14: Train Epoch 6: 20/164 Loss: 22.312263
2024-12-14 11:14: Train Epoch 6: 40/164 Loss: 26.403467
2024-12-14 11:15: Train Epoch 6: 60/164 Loss: 29.699053
2024-12-14 11:15: Train Epoch 6: 80/164 Loss: 21.516956
2024-12-14 11:15: Train Epoch 6: 100/164 Loss: 33.775040
2024-12-14 11:15: Train Epoch 6: 120/164 Loss: 23.287445
2024-12-14 11:15: Train Epoch 6: 140/164 Loss: 24.350084
2024-12-14 11:15: Train Epoch 6: 160/164 Loss: 24.819555
2024-12-14 11:15: **********Train Epoch 6: averaged Loss: 27.005745
2024-12-14 11:15: **********Val Epoch 6: average Loss: 26.231826
2024-12-14 11:15: Train Epoch 7: 0/164 Loss: 30.933943
2024-12-14 11:15: Train Epoch 7: 20/164 Loss: 22.260752
2024-12-14 11:15: Train Epoch 7: 40/164 Loss: 23.166836
2024-12-14 11:15: Train Epoch 7: 60/164 Loss: 31.432451
2024-12-14 11:15: Train Epoch 7: 80/164 Loss: 26.024477
2024-12-14 11:15: Train Epoch 7: 100/164 Loss: 27.586445
2024-12-14 11:15: Train Epoch 7: 120/164 Loss: 26.883316
2024-12-14 11:15: Train Epoch 7: 140/164 Loss: 25.125959
2024-12-14 11:15: Train Epoch 7: 160/164 Loss: 24.651594
2024-12-14 11:15: **********Train Epoch 7: averaged Loss: 25.631420
2024-12-14 11:15: **********Val Epoch 7: average Loss: 25.514241
2024-12-14 11:15: Train Epoch 8: 0/164 Loss: 23.015825
2024-12-14 11:15: Train Epoch 8: 20/164 Loss: 30.321007
2024-12-14 11:15: Train Epoch 8: 40/164 Loss: 23.611650
2024-12-14 11:15: Train Epoch 8: 60/164 Loss: 30.227997
2024-12-14 11:15: Train Epoch 8: 80/164 Loss: 24.607340
2024-12-14 11:16: Train Epoch 8: 100/164 Loss: 29.736088
2024-12-14 11:16: Train Epoch 8: 120/164 Loss: 24.195667
2024-12-14 11:16: Train Epoch 8: 140/164 Loss: 24.099030
2024-12-14 11:16: Train Epoch 8: 160/164 Loss: 24.381502
2024-12-14 11:16: **********Train Epoch 8: averaged Loss: 24.763708
2024-12-14 11:16: **********Val Epoch 8: average Loss: 24.430480
2024-12-14 11:16: Train Epoch 9: 0/164 Loss: 25.491278
2024-12-14 11:16: Train Epoch 9: 20/164 Loss: 24.507902
2024-12-14 11:16: Train Epoch 9: 40/164 Loss: 22.993193
2024-12-14 11:16: Train Epoch 9: 60/164 Loss: 26.759060
2024-12-14 11:16: Train Epoch 9: 80/164 Loss: 19.690573
2024-12-14 11:16: Train Epoch 9: 100/164 Loss: 23.000072
2024-12-14 11:16: Train Epoch 9: 120/164 Loss: 22.142397
2024-12-14 11:16: Train Epoch 9: 140/164 Loss: 21.230295
2024-12-14 11:16: Train Epoch 9: 160/164 Loss: 24.830055
2024-12-14 11:16: **********Train Epoch 9: averaged Loss: 24.291236
2024-12-14 11:16: **********Val Epoch 9: average Loss: 24.281381
2024-12-14 11:16: Train Epoch 10: 0/164 Loss: 21.126247
2024-12-14 11:16: Train Epoch 10: 20/164 Loss: 24.275351
2024-12-14 11:16: Train Epoch 10: 40/164 Loss: 23.958229
2024-12-14 11:16: Train Epoch 10: 60/164 Loss: 20.092039
2024-12-14 11:16: Train Epoch 10: 80/164 Loss: 24.568354
2024-12-14 11:16: Train Epoch 10: 100/164 Loss: 20.739975
2024-12-14 11:16: Train Epoch 10: 120/164 Loss: 24.837788
2024-12-14 11:17: Train Epoch 10: 140/164 Loss: 21.900537
2024-12-14 11:17: Train Epoch 10: 160/164 Loss: 21.839329
2024-12-14 11:17: **********Train Epoch 10: averaged Loss: 24.218715
2024-12-14 11:17: **********Val Epoch 10: average Loss: 24.541004
2024-12-14 11:17: Train Epoch 11: 0/164 Loss: 20.547056
2024-12-14 11:17: Train Epoch 11: 20/164 Loss: 20.687643
2024-12-14 11:17: Train Epoch 11: 40/164 Loss: 22.942783
2024-12-14 11:17: Train Epoch 11: 60/164 Loss: 21.368776
2024-12-14 11:17: Train Epoch 11: 80/164 Loss: 30.941397
2024-12-14 11:17: Train Epoch 11: 100/164 Loss: 23.091360
2024-12-14 11:17: Train Epoch 11: 120/164 Loss: 21.740040
2024-12-14 11:17: Train Epoch 11: 140/164 Loss: 22.620201
2024-12-14 11:17: Train Epoch 11: 160/164 Loss: 20.480793
2024-12-14 11:17: **********Train Epoch 11: averaged Loss: 23.836815
2024-12-14 11:17: **********Val Epoch 11: average Loss: 23.637756
2024-12-14 11:17: Train Epoch 12: 0/164 Loss: 21.534367
2024-12-14 11:17: Train Epoch 12: 20/164 Loss: 22.073526
2024-12-14 11:17: Train Epoch 12: 40/164 Loss: 32.572594
2024-12-14 11:17: Train Epoch 12: 60/164 Loss: 25.320822
2024-12-14 11:17: Train Epoch 12: 80/164 Loss: 27.829147
2024-12-14 11:17: Train Epoch 12: 100/164 Loss: 19.057007
2024-12-14 11:17: Train Epoch 12: 120/164 Loss: 23.327858
2024-12-14 11:17: Train Epoch 12: 140/164 Loss: 22.591923
2024-12-14 11:17: Train Epoch 12: 160/164 Loss: 24.302462
2024-12-14 11:17: **********Train Epoch 12: averaged Loss: 24.289376
2024-12-14 11:18: **********Val Epoch 12: average Loss: 24.266444
2024-12-14 11:18: Train Epoch 13: 0/164 Loss: 31.050266
2024-12-14 11:18: Train Epoch 13: 20/164 Loss: 26.612864
2024-12-14 11:18: Train Epoch 13: 40/164 Loss: 22.494547
2024-12-14 11:18: Train Epoch 13: 60/164 Loss: 21.324053
2024-12-14 11:18: Train Epoch 13: 80/164 Loss: 21.312504
2024-12-14 11:18: Train Epoch 13: 100/164 Loss: 22.823484
2024-12-14 11:18: Train Epoch 13: 120/164 Loss: 20.158558
2024-12-14 11:18: Train Epoch 13: 140/164 Loss: 22.634069
2024-12-14 11:18: Train Epoch 13: 160/164 Loss: 23.317379
2024-12-14 11:18: **********Train Epoch 13: averaged Loss: 23.279262
2024-12-14 11:18: **********Val Epoch 13: average Loss: 23.994005
2024-12-14 11:18: Train Epoch 14: 0/164 Loss: 22.129976
2024-12-14 11:18: Train Epoch 14: 20/164 Loss: 22.381493
2024-12-14 11:18: Train Epoch 14: 40/164 Loss: 25.366335
2024-12-14 11:18: Train Epoch 14: 60/164 Loss: 26.231577
2024-12-14 11:18: Train Epoch 14: 80/164 Loss: 20.478395
2024-12-14 11:18: Train Epoch 14: 100/164 Loss: 29.289635
2024-12-14 11:18: Train Epoch 14: 120/164 Loss: 20.096867
2024-12-14 11:18: Train Epoch 14: 140/164 Loss: 20.796230
2024-12-14 11:18: Train Epoch 14: 160/164 Loss: 28.293612
2024-12-14 11:18: **********Train Epoch 14: averaged Loss: 22.981791
2024-12-14 11:18: **********Val Epoch 14: average Loss: 22.980730
2024-12-14 11:18: Train Epoch 15: 0/164 Loss: 23.716728
2024-12-14 11:18: Train Epoch 15: 20/164 Loss: 20.817137
2024-12-14 11:19: Train Epoch 15: 40/164 Loss: 21.775665
2024-12-14 11:19: Train Epoch 15: 60/164 Loss: 22.646011
2024-12-14 11:19: Train Epoch 15: 80/164 Loss: 23.363956
2024-12-14 11:19: Train Epoch 15: 100/164 Loss: 21.601177
2024-12-14 11:19: Train Epoch 15: 120/164 Loss: 20.022890
2024-12-14 11:19: Train Epoch 15: 140/164 Loss: 18.087334
2024-12-14 11:19: Train Epoch 15: 160/164 Loss: 19.322971
2024-12-14 11:19: **********Train Epoch 15: averaged Loss: 22.701105
2024-12-14 11:19: **********Val Epoch 15: average Loss: 22.656277
2024-12-14 11:19: Train Epoch 16: 0/164 Loss: 24.514456
2024-12-14 11:19: Train Epoch 16: 20/164 Loss: 21.218187
2024-12-14 11:19: Train Epoch 16: 40/164 Loss: 23.013226
2024-12-14 11:19: Train Epoch 16: 60/164 Loss: 23.318733
2024-12-14 11:19: Train Epoch 16: 80/164 Loss: 21.822462
2024-12-14 11:19: Train Epoch 16: 100/164 Loss: 23.645523
2024-12-14 11:19: Train Epoch 16: 120/164 Loss: 24.692728
2024-12-14 11:19: Train Epoch 16: 140/164 Loss: 22.532660
2024-12-14 11:19: Train Epoch 16: 160/164 Loss: 20.427219
2024-12-14 11:19: **********Train Epoch 16: averaged Loss: 22.309659
2024-12-14 11:19: **********Val Epoch 16: average Loss: 22.520568
2024-12-14 11:19: Train Epoch 17: 0/164 Loss: 21.827572
2024-12-14 11:19: Train Epoch 17: 20/164 Loss: 22.414854
2024-12-14 11:19: Train Epoch 17: 40/164 Loss: 20.713863
2024-12-14 11:19: Train Epoch 17: 60/164 Loss: 19.243881
2024-12-14 11:20: Train Epoch 17: 80/164 Loss: 19.841038
2024-12-14 11:20: Train Epoch 17: 100/164 Loss: 20.287649
2024-12-14 11:20: Train Epoch 17: 120/164 Loss: 20.434004
2024-12-14 11:20: Train Epoch 17: 140/164 Loss: 24.758656
2024-12-14 11:20: Train Epoch 17: 160/164 Loss: 27.114267
2024-12-14 11:20: **********Train Epoch 17: averaged Loss: 22.054568
2024-12-14 11:20: **********Val Epoch 17: average Loss: 23.278055
2024-12-14 11:20: Train Epoch 18: 0/164 Loss: 22.393177
2024-12-14 11:20: Train Epoch 18: 20/164 Loss: 16.782284
2024-12-14 11:20: Train Epoch 18: 40/164 Loss: 21.947420
2024-12-14 11:20: Train Epoch 18: 60/164 Loss: 21.260572
2024-12-14 11:20: Train Epoch 18: 80/164 Loss: 18.217810
2024-12-14 11:20: Train Epoch 18: 100/164 Loss: 19.139429
2024-12-14 11:20: Train Epoch 18: 120/164 Loss: 22.426434
2024-12-14 11:20: Train Epoch 18: 140/164 Loss: 21.216797
2024-12-14 11:20: Train Epoch 18: 160/164 Loss: 20.229591
2024-12-14 11:20: **********Train Epoch 18: averaged Loss: 21.753918
2024-12-14 11:20: **********Val Epoch 18: average Loss: 21.494431
2024-12-14 11:20: Train Epoch 19: 0/164 Loss: 19.496744
2024-12-14 11:20: Train Epoch 19: 20/164 Loss: 19.718779
2024-12-14 11:20: Train Epoch 19: 40/164 Loss: 23.333145
2024-12-14 11:20: Train Epoch 19: 60/164 Loss: 19.754883
2024-12-14 11:20: Train Epoch 19: 80/164 Loss: 18.714279
2024-12-14 11:20: Train Epoch 19: 100/164 Loss: 21.633297
2024-12-14 11:21: Train Epoch 19: 120/164 Loss: 22.933929
2024-12-14 11:21: Train Epoch 19: 140/164 Loss: 21.018400
2024-12-14 11:21: Train Epoch 19: 160/164 Loss: 21.097044
2024-12-14 11:21: **********Train Epoch 19: averaged Loss: 21.302793
2024-12-14 11:21: **********Val Epoch 19: average Loss: 21.880836
2024-12-14 11:21: Train Epoch 20: 0/164 Loss: 24.193611
2024-12-14 11:21: Train Epoch 20: 20/164 Loss: 21.864729
2024-12-14 11:21: Train Epoch 20: 40/164 Loss: 21.059803
2024-12-14 11:21: Train Epoch 20: 60/164 Loss: 19.587639
2024-12-14 11:21: Train Epoch 20: 80/164 Loss: 19.870195
2024-12-14 11:21: Train Epoch 20: 100/164 Loss: 18.913397
2024-12-14 11:21: Train Epoch 20: 120/164 Loss: 25.363047
2024-12-14 11:21: Train Epoch 20: 140/164 Loss: 21.699099
2024-12-14 11:21: Train Epoch 20: 160/164 Loss: 20.622950
2024-12-14 11:21: **********Train Epoch 20: averaged Loss: 20.895196
2024-12-14 11:21: **********Val Epoch 20: average Loss: 21.473354
2024-12-14 11:21: Train Epoch 21: 0/164 Loss: 26.732542
2024-12-14 11:21: Train Epoch 21: 20/164 Loss: 24.928307
2024-12-14 11:21: Train Epoch 21: 40/164 Loss: 22.022362
2024-12-14 11:21: Train Epoch 21: 60/164 Loss: 24.569311
2024-12-14 11:21: Train Epoch 21: 80/164 Loss: 19.259325
2024-12-14 11:21: Train Epoch 21: 100/164 Loss: 20.358046
2024-12-14 11:21: Train Epoch 21: 120/164 Loss: 17.865559
2024-12-14 11:21: Train Epoch 21: 140/164 Loss: 21.174484
2024-12-14 11:22: Train Epoch 21: 160/164 Loss: 16.997335
2024-12-14 11:22: **********Train Epoch 21: averaged Loss: 20.697132
2024-12-14 11:22: **********Val Epoch 21: average Loss: 21.244784
2024-12-14 11:22: Train Epoch 22: 0/164 Loss: 25.560471
2024-12-14 11:22: Train Epoch 22: 20/164 Loss: 16.159044
2024-12-14 11:22: Train Epoch 22: 40/164 Loss: 22.172838
2024-12-14 11:22: Train Epoch 22: 60/164 Loss: 18.480722
2024-12-14 11:22: Train Epoch 22: 80/164 Loss: 20.623751
2024-12-14 11:22: Train Epoch 22: 100/164 Loss: 19.241877
2024-12-14 11:22: Train Epoch 22: 120/164 Loss: 17.378502
2024-12-14 11:22: Train Epoch 22: 140/164 Loss: 19.358187
2024-12-14 11:22: Train Epoch 22: 160/164 Loss: 20.905767
2024-12-14 11:22: **********Train Epoch 22: averaged Loss: 20.321386
2024-12-14 11:22: **********Val Epoch 22: average Loss: 20.605568
2024-12-14 11:22: Train Epoch 23: 0/164 Loss: 18.205585
2024-12-14 11:22: Train Epoch 23: 20/164 Loss: 17.012468
2024-12-14 11:22: Train Epoch 23: 40/164 Loss: 21.825575
2024-12-14 11:22: Train Epoch 23: 60/164 Loss: 20.496744
2024-12-14 11:22: Train Epoch 23: 80/164 Loss: 20.661858
2024-12-14 11:22: Train Epoch 23: 100/164 Loss: 21.281748
2024-12-14 11:22: Train Epoch 23: 120/164 Loss: 19.696951
2024-12-14 11:22: Train Epoch 23: 140/164 Loss: 21.230312
2024-12-14 11:22: Train Epoch 23: 160/164 Loss: 20.368353
2024-12-14 11:22: **********Train Epoch 23: averaged Loss: 20.023348
2024-12-14 11:22: **********Val Epoch 23: average Loss: 20.560973
2024-12-14 11:22: Train Epoch 24: 0/164 Loss: 19.824446
2024-12-14 11:23: Train Epoch 24: 20/164 Loss: 16.928127
2024-12-14 11:23: Train Epoch 24: 40/164 Loss: 16.191933
2024-12-14 11:23: Train Epoch 24: 60/164 Loss: 19.929440
2024-12-14 11:23: Train Epoch 24: 80/164 Loss: 17.297958
2024-12-14 11:23: Train Epoch 24: 100/164 Loss: 18.722162
2024-12-14 11:23: Train Epoch 24: 120/164 Loss: 18.303493
2024-12-14 11:23: Train Epoch 24: 140/164 Loss: 20.136873
2024-12-14 11:23: Train Epoch 24: 160/164 Loss: 20.244513
2024-12-14 11:23: **********Train Epoch 24: averaged Loss: 19.800886
2024-12-14 11:23: **********Val Epoch 24: average Loss: 20.425942
2024-12-14 11:23: Train Epoch 25: 0/164 Loss: 17.643396
2024-12-14 11:23: Train Epoch 25: 20/164 Loss: 18.260401
2024-12-14 11:23: Train Epoch 25: 40/164 Loss: 17.200722
2024-12-14 11:23: Train Epoch 25: 60/164 Loss: 18.653488
2024-12-14 11:23: Train Epoch 25: 80/164 Loss: 21.390854
2024-12-14 11:23: Train Epoch 25: 100/164 Loss: 20.394350
2024-12-14 11:23: Train Epoch 25: 120/164 Loss: 19.326849
2024-12-14 11:23: Train Epoch 25: 140/164 Loss: 23.804665
2024-12-14 11:23: Train Epoch 25: 160/164 Loss: 16.689644
2024-12-14 11:23: **********Train Epoch 25: averaged Loss: 19.489542
2024-12-14 11:23: **********Val Epoch 25: average Loss: 19.990279
2024-12-14 11:23: Train Epoch 26: 0/164 Loss: 18.565264
2024-12-14 11:23: Train Epoch 26: 20/164 Loss: 15.558056
2024-12-14 11:23: Train Epoch 26: 40/164 Loss: 19.111698
2024-12-14 11:24: Train Epoch 26: 60/164 Loss: 23.016258
2024-12-14 11:24: Train Epoch 26: 80/164 Loss: 18.974669
2024-12-14 11:24: Train Epoch 26: 100/164 Loss: 18.482027
2024-12-14 11:24: Train Epoch 26: 120/164 Loss: 17.620478
2024-12-14 11:24: Train Epoch 26: 140/164 Loss: 18.964691
2024-12-14 11:24: Train Epoch 26: 160/164 Loss: 18.499296
2024-12-14 11:24: **********Train Epoch 26: averaged Loss: 19.272353
2024-12-14 11:24: **********Val Epoch 26: average Loss: 19.507297
2024-12-14 11:24: Train Epoch 27: 0/164 Loss: 15.842902
2024-12-14 11:24: Train Epoch 27: 20/164 Loss: 19.864670
2024-12-14 11:24: Train Epoch 27: 40/164 Loss: 17.480246
2024-12-14 11:24: Train Epoch 27: 60/164 Loss: 19.787838
2024-12-14 11:24: Train Epoch 27: 80/164 Loss: 18.482824
2024-12-14 11:24: Train Epoch 27: 100/164 Loss: 19.519913
2024-12-14 11:24: Train Epoch 27: 120/164 Loss: 17.411055
2024-12-14 11:24: Train Epoch 27: 140/164 Loss: 19.650837
2024-12-14 11:24: Train Epoch 27: 160/164 Loss: 17.303755
2024-12-14 11:24: **********Train Epoch 27: averaged Loss: 19.146104
2024-12-14 11:24: **********Val Epoch 27: average Loss: 20.172499
2024-12-14 11:24: Train Epoch 28: 0/164 Loss: 19.183313
2024-12-14 11:24: Train Epoch 28: 20/164 Loss: 18.713934
2024-12-14 11:24: Train Epoch 28: 40/164 Loss: 15.034251
2024-12-14 11:24: Train Epoch 28: 60/164 Loss: 19.230162
2024-12-14 11:24: Train Epoch 28: 80/164 Loss: 20.223143
2024-12-14 11:25: Train Epoch 28: 100/164 Loss: 18.445913
2024-12-14 11:25: Train Epoch 28: 120/164 Loss: 19.179430
2024-12-14 11:25: Train Epoch 28: 140/164 Loss: 19.817316
2024-12-14 11:25: Train Epoch 28: 160/164 Loss: 18.027147
2024-12-14 11:25: **********Train Epoch 28: averaged Loss: 18.845139
2024-12-14 11:25: **********Val Epoch 28: average Loss: 19.152026
2024-12-14 11:25: Train Epoch 29: 0/164 Loss: 15.337135
2024-12-14 11:25: Train Epoch 29: 20/164 Loss: 20.660728
2024-12-14 11:25: Train Epoch 29: 40/164 Loss: 20.103949
2024-12-14 11:25: Train Epoch 29: 60/164 Loss: 18.938286
2024-12-14 11:25: Train Epoch 29: 80/164 Loss: 19.477009
2024-12-14 11:25: Train Epoch 29: 100/164 Loss: 17.973118
2024-12-14 11:25: Train Epoch 29: 120/164 Loss: 18.884409
2024-12-14 11:25: Train Epoch 29: 140/164 Loss: 14.793246
2024-12-14 11:25: Train Epoch 29: 160/164 Loss: 18.249626
2024-12-14 11:25: **********Train Epoch 29: averaged Loss: 18.648221
2024-12-14 11:25: **********Val Epoch 29: average Loss: 19.255470
2024-12-14 11:25: Train Epoch 30: 0/164 Loss: 19.730465
2024-12-14 11:25: Train Epoch 30: 20/164 Loss: 19.486656
2024-12-14 11:25: Train Epoch 30: 40/164 Loss: 17.469830
2024-12-14 11:25: Train Epoch 30: 60/164 Loss: 18.309576
2024-12-14 11:25: Train Epoch 30: 80/164 Loss: 17.358629
2024-12-14 11:25: Train Epoch 30: 100/164 Loss: 16.353388
2024-12-14 11:25: Train Epoch 30: 120/164 Loss: 18.867207
2024-12-14 11:26: Train Epoch 30: 140/164 Loss: 20.744680
2024-12-14 11:26: Train Epoch 30: 160/164 Loss: 25.323120
2024-12-14 11:26: **********Train Epoch 30: averaged Loss: 18.492623
2024-12-14 11:26: **********Val Epoch 30: average Loss: 19.215045
2024-12-14 11:26: Train Epoch 31: 0/164 Loss: 19.571198
2024-12-14 11:26: Train Epoch 31: 20/164 Loss: 20.249929
2024-12-14 11:26: Train Epoch 31: 40/164 Loss: 18.700451
2024-12-14 11:26: Train Epoch 31: 60/164 Loss: 17.141542
2024-12-14 11:26: Train Epoch 31: 80/164 Loss: 24.143091
2024-12-14 11:26: Train Epoch 31: 100/164 Loss: 17.152208
2024-12-14 11:26: Train Epoch 31: 120/164 Loss: 16.186153
2024-12-14 11:26: Train Epoch 31: 140/164 Loss: 17.441780
2024-12-14 11:26: Train Epoch 31: 160/164 Loss: 18.567928
2024-12-14 11:26: **********Train Epoch 31: averaged Loss: 18.473790
2024-12-14 11:26: **********Val Epoch 31: average Loss: 19.201626
2024-12-14 11:26: Train Epoch 32: 0/164 Loss: 22.835135
2024-12-14 11:26: Train Epoch 32: 20/164 Loss: 25.249773
2024-12-14 11:26: Train Epoch 32: 40/164 Loss: 14.908337
2024-12-14 11:26: Train Epoch 32: 60/164 Loss: 17.826750
2024-12-14 11:26: Train Epoch 32: 80/164 Loss: 17.101561
2024-12-14 11:26: Train Epoch 32: 100/164 Loss: 19.391014
2024-12-14 11:26: Train Epoch 32: 120/164 Loss: 16.604120
2024-12-14 11:26: Train Epoch 32: 140/164 Loss: 16.070639
2024-12-14 11:26: Train Epoch 32: 160/164 Loss: 20.040846
2024-12-14 11:26: **********Train Epoch 32: averaged Loss: 17.894018
2024-12-14 11:27: **********Val Epoch 32: average Loss: 18.524267
2024-12-14 11:27: Train Epoch 33: 0/164 Loss: 16.809322
2024-12-14 11:27: Train Epoch 33: 20/164 Loss: 17.425606
2024-12-14 11:27: Train Epoch 33: 40/164 Loss: 18.860573
2024-12-14 11:27: Train Epoch 33: 60/164 Loss: 16.052902
2024-12-14 11:27: Train Epoch 33: 80/164 Loss: 16.891336
2024-12-14 11:27: Train Epoch 33: 100/164 Loss: 17.973785
2024-12-14 11:27: Train Epoch 33: 120/164 Loss: 17.652035
2024-12-14 11:27: Train Epoch 33: 140/164 Loss: 15.594556
2024-12-14 11:27: Train Epoch 33: 160/164 Loss: 17.338549
2024-12-14 11:27: **********Train Epoch 33: averaged Loss: 18.091203
2024-12-14 11:27: **********Val Epoch 33: average Loss: 18.357213
2024-12-14 11:27: Train Epoch 34: 0/164 Loss: 16.121321
2024-12-14 11:27: Train Epoch 34: 20/164 Loss: 16.515196
2024-12-14 11:27: Train Epoch 34: 40/164 Loss: 19.902205
2024-12-14 11:27: Train Epoch 34: 60/164 Loss: 18.305935
2024-12-14 11:27: Train Epoch 34: 80/164 Loss: 19.847235
2024-12-14 11:27: Train Epoch 34: 100/164 Loss: 16.852516
2024-12-14 11:27: Train Epoch 34: 120/164 Loss: 16.910645
2024-12-14 11:27: Train Epoch 34: 140/164 Loss: 17.632093
2024-12-14 11:27: Train Epoch 34: 160/164 Loss: 17.098276
2024-12-14 11:27: **********Train Epoch 34: averaged Loss: 17.798395
2024-12-14 11:27: **********Val Epoch 34: average Loss: 18.382527
2024-12-14 11:27: Train Epoch 35: 0/164 Loss: 20.408377
2024-12-14 11:27: Train Epoch 35: 20/164 Loss: 21.351122
2024-12-14 11:28: Train Epoch 35: 40/164 Loss: 17.172670
2024-12-14 11:28: Train Epoch 35: 60/164 Loss: 15.286813
2024-12-14 11:28: Train Epoch 35: 80/164 Loss: 20.061640
2024-12-14 11:28: Train Epoch 35: 100/164 Loss: 17.103769
2024-12-14 11:28: Train Epoch 35: 120/164 Loss: 19.698303
2024-12-14 11:28: Train Epoch 35: 140/164 Loss: 20.153549
2024-12-14 11:28: Train Epoch 35: 160/164 Loss: 16.383076
2024-12-14 11:28: **********Train Epoch 35: averaged Loss: 17.447319
2024-12-14 11:28: **********Val Epoch 35: average Loss: 18.184242
2024-12-14 11:28: Train Epoch 36: 0/164 Loss: 15.233843
2024-12-14 11:28: Train Epoch 36: 20/164 Loss: 18.952885
2024-12-14 11:28: Train Epoch 36: 40/164 Loss: 15.892400
2024-12-14 11:28: Train Epoch 36: 60/164 Loss: 21.156105
2024-12-14 11:28: Train Epoch 36: 80/164 Loss: 18.621601
2024-12-14 11:28: Train Epoch 36: 100/164 Loss: 16.762924
2024-12-14 11:28: Train Epoch 36: 120/164 Loss: 16.281986
2024-12-14 11:28: Train Epoch 36: 140/164 Loss: 14.859424
2024-12-14 11:28: Train Epoch 36: 160/164 Loss: 17.835009
2024-12-14 11:28: **********Train Epoch 36: averaged Loss: 17.289858
2024-12-14 11:28: **********Val Epoch 36: average Loss: 17.541616
2024-12-14 11:28: Train Epoch 37: 0/164 Loss: 14.104794
2024-12-14 11:28: Train Epoch 37: 20/164 Loss: 17.773363
2024-12-14 11:28: Train Epoch 37: 40/164 Loss: 15.661843
2024-12-14 11:28: Train Epoch 37: 60/164 Loss: 16.933847
2024-12-14 11:29: Train Epoch 37: 80/164 Loss: 18.241644
2024-12-14 11:29: Train Epoch 37: 100/164 Loss: 16.788221
2024-12-14 11:29: Train Epoch 37: 120/164 Loss: 16.449877
2024-12-14 11:29: Train Epoch 37: 140/164 Loss: 20.764482
2024-12-14 11:29: Train Epoch 37: 160/164 Loss: 19.266563
2024-12-14 11:29: **********Train Epoch 37: averaged Loss: 17.151286
2024-12-14 11:29: **********Val Epoch 37: average Loss: 18.345560
2024-12-14 11:29: Train Epoch 38: 0/164 Loss: 16.899509
2024-12-14 11:29: Train Epoch 38: 20/164 Loss: 16.406542
2024-12-14 11:29: Train Epoch 38: 40/164 Loss: 17.377653
2024-12-14 11:29: Train Epoch 38: 60/164 Loss: 16.860176
2024-12-14 11:29: Train Epoch 38: 80/164 Loss: 17.884924
2024-12-14 11:29: Train Epoch 38: 100/164 Loss: 16.043402
2024-12-14 11:29: Train Epoch 38: 120/164 Loss: 18.113338
2024-12-14 11:29: Train Epoch 38: 140/164 Loss: 17.606676
2024-12-14 11:29: Train Epoch 38: 160/164 Loss: 15.961597
2024-12-14 11:29: **********Train Epoch 38: averaged Loss: 17.170654
2024-12-14 11:29: **********Val Epoch 38: average Loss: 18.002541
2024-12-14 11:29: Train Epoch 39: 0/164 Loss: 15.636212
2024-12-14 11:29: Train Epoch 39: 20/164 Loss: 17.296526
2024-12-14 11:29: Train Epoch 39: 40/164 Loss: 15.777786
2024-12-14 11:29: Train Epoch 39: 60/164 Loss: 18.930622
2024-12-14 11:29: Train Epoch 39: 80/164 Loss: 16.517666
2024-12-14 11:29: Train Epoch 39: 100/164 Loss: 18.037928
2024-12-14 11:30: Train Epoch 39: 120/164 Loss: 18.170984
2024-12-14 11:30: Train Epoch 39: 140/164 Loss: 16.565699
2024-12-14 11:30: Train Epoch 39: 160/164 Loss: 16.084688
2024-12-14 11:30: **********Train Epoch 39: averaged Loss: 16.974033
2024-12-14 11:30: **********Val Epoch 39: average Loss: 17.492095
2024-12-14 11:30: Train Epoch 40: 0/164 Loss: 16.101072
2024-12-14 11:30: Train Epoch 40: 20/164 Loss: 16.635439
2024-12-14 11:30: Train Epoch 40: 40/164 Loss: 16.562222
2024-12-14 11:30: Train Epoch 40: 60/164 Loss: 19.237156
2024-12-14 11:30: Train Epoch 40: 80/164 Loss: 15.145860
2024-12-14 11:30: Train Epoch 40: 100/164 Loss: 16.450247
2024-12-14 11:30: Train Epoch 40: 120/164 Loss: 16.945202
2024-12-14 11:30: Train Epoch 40: 140/164 Loss: 13.667753
2024-12-14 11:30: Train Epoch 40: 160/164 Loss: 15.734899
2024-12-14 11:30: **********Train Epoch 40: averaged Loss: 16.830255
2024-12-14 11:30: **********Val Epoch 40: average Loss: 17.487116
2024-12-14 11:30: Train Epoch 41: 0/164 Loss: 15.672409
2024-12-14 11:30: Train Epoch 41: 20/164 Loss: 16.514635
2024-12-14 11:30: Train Epoch 41: 40/164 Loss: 17.682339
2024-12-14 11:30: Train Epoch 41: 60/164 Loss: 16.576605
2024-12-14 11:30: Train Epoch 41: 80/164 Loss: 16.299994
2024-12-14 11:30: Train Epoch 41: 100/164 Loss: 17.740286
2024-12-14 11:30: Train Epoch 41: 120/164 Loss: 18.067675
2024-12-14 11:30: Train Epoch 41: 140/164 Loss: 19.795523
2024-12-14 11:31: Train Epoch 41: 160/164 Loss: 23.145441
2024-12-14 11:31: **********Train Epoch 41: averaged Loss: 16.756900
2024-12-14 11:31: **********Val Epoch 41: average Loss: 18.316361
2024-12-14 11:31: Train Epoch 42: 0/164 Loss: 16.870476
2024-12-14 11:31: Train Epoch 42: 20/164 Loss: 18.486177
2024-12-14 11:31: Train Epoch 42: 40/164 Loss: 15.144230
2024-12-14 11:31: Train Epoch 42: 60/164 Loss: 19.367794
2024-12-14 11:31: Train Epoch 42: 80/164 Loss: 15.410145
2024-12-14 11:31: Train Epoch 42: 100/164 Loss: 15.804683
2024-12-14 11:31: Train Epoch 42: 120/164 Loss: 14.894496
2024-12-14 11:31: Train Epoch 42: 140/164 Loss: 19.035856
2024-12-14 11:31: Train Epoch 42: 160/164 Loss: 14.935448
2024-12-14 11:31: **********Train Epoch 42: averaged Loss: 16.703480
2024-12-14 11:31: **********Val Epoch 42: average Loss: 17.652211
2024-12-14 11:31: Train Epoch 43: 0/164 Loss: 22.010338
2024-12-14 11:31: Train Epoch 43: 20/164 Loss: 15.285873
2024-12-14 11:31: Train Epoch 43: 40/164 Loss: 15.902639
2024-12-14 11:31: Train Epoch 43: 60/164 Loss: 17.915581
2024-12-14 11:31: Train Epoch 43: 80/164 Loss: 15.280858
2024-12-14 11:31: Train Epoch 43: 100/164 Loss: 15.448594
2024-12-14 11:31: Train Epoch 43: 120/164 Loss: 16.682697
2024-12-14 11:31: Train Epoch 43: 140/164 Loss: 19.799055
2024-12-14 11:31: Train Epoch 43: 160/164 Loss: 15.417623
2024-12-14 11:31: **********Train Epoch 43: averaged Loss: 16.519723
2024-12-14 11:32: **********Val Epoch 43: average Loss: 17.403815
2024-12-14 11:32: Train Epoch 44: 0/164 Loss: 16.992353
2024-12-14 11:32: Train Epoch 44: 20/164 Loss: 16.044226
2024-12-14 11:32: Train Epoch 44: 40/164 Loss: 18.017803
2024-12-14 11:32: Train Epoch 44: 60/164 Loss: 16.572325
2024-12-14 11:32: Train Epoch 44: 80/164 Loss: 15.394401
2024-12-14 11:32: Train Epoch 44: 100/164 Loss: 17.792242
2024-12-14 11:32: Train Epoch 44: 120/164 Loss: 17.279085
2024-12-14 11:32: Train Epoch 44: 140/164 Loss: 16.292204
2024-12-14 11:32: Train Epoch 44: 160/164 Loss: 18.452631
2024-12-14 11:32: **********Train Epoch 44: averaged Loss: 16.505095
2024-12-14 11:32: **********Val Epoch 44: average Loss: 17.251715
2024-12-14 11:32: Train Epoch 45: 0/164 Loss: 16.303682
2024-12-14 11:32: Train Epoch 45: 20/164 Loss: 17.826824
2024-12-14 11:32: Train Epoch 45: 40/164 Loss: 20.429199
2024-12-14 11:32: Train Epoch 45: 60/164 Loss: 15.620723
2024-12-14 11:32: Train Epoch 45: 80/164 Loss: 15.906330
2024-12-14 11:32: Train Epoch 45: 100/164 Loss: 14.410431
2024-12-14 11:32: Train Epoch 45: 120/164 Loss: 15.733702
2024-12-14 11:32: Train Epoch 45: 140/164 Loss: 15.622225
2024-12-14 11:32: Train Epoch 45: 160/164 Loss: 17.389708
2024-12-14 11:32: **********Train Epoch 45: averaged Loss: 16.433357
2024-12-14 11:32: **********Val Epoch 45: average Loss: 17.321220
2024-12-14 11:32: Train Epoch 46: 0/164 Loss: 13.118928
2024-12-14 11:32: Train Epoch 46: 20/164 Loss: 16.959356
2024-12-14 11:33: Train Epoch 46: 40/164 Loss: 17.000854
2024-12-14 11:33: Train Epoch 46: 60/164 Loss: 18.316654
2024-12-14 11:33: Train Epoch 46: 80/164 Loss: 15.010893
2024-12-14 11:33: Train Epoch 46: 100/164 Loss: 17.156944
2024-12-14 11:33: Train Epoch 46: 120/164 Loss: 15.347225
2024-12-14 11:33: Train Epoch 46: 140/164 Loss: 17.498402
2024-12-14 11:33: Train Epoch 46: 160/164 Loss: 17.695585
2024-12-14 11:33: **********Train Epoch 46: averaged Loss: 16.213583
2024-12-14 11:33: **********Val Epoch 46: average Loss: 16.871954
2024-12-14 11:33: Train Epoch 47: 0/164 Loss: 13.852676
2024-12-14 11:33: Train Epoch 47: 20/164 Loss: 14.659983
2024-12-14 11:33: Train Epoch 47: 40/164 Loss: 15.928739
2024-12-14 11:33: Train Epoch 47: 60/164 Loss: 14.782433
2024-12-14 11:33: Train Epoch 47: 80/164 Loss: 18.141815
2024-12-14 11:33: Train Epoch 47: 100/164 Loss: 16.546791
2024-12-14 11:33: Train Epoch 47: 120/164 Loss: 20.346176
2024-12-14 11:33: Train Epoch 47: 140/164 Loss: 16.748365
2024-12-14 11:33: Train Epoch 47: 160/164 Loss: 14.504971
2024-12-14 11:33: **********Train Epoch 47: averaged Loss: 16.052536
2024-12-14 11:33: **********Val Epoch 47: average Loss: 17.148586
2024-12-14 11:33: Train Epoch 48: 0/164 Loss: 14.858939
2024-12-14 11:33: Train Epoch 48: 20/164 Loss: 16.232603
2024-12-14 11:33: Train Epoch 48: 40/164 Loss: 18.874485
2024-12-14 11:33: Train Epoch 48: 60/164 Loss: 18.686268
2024-12-14 11:34: Train Epoch 48: 80/164 Loss: 16.259706
2024-12-14 11:34: Train Epoch 48: 100/164 Loss: 16.962915
2024-12-14 11:34: Train Epoch 48: 120/164 Loss: 14.030896
2024-12-14 11:34: Train Epoch 48: 140/164 Loss: 14.651560
2024-12-14 11:34: Train Epoch 48: 160/164 Loss: 14.376112
2024-12-14 11:34: **********Train Epoch 48: averaged Loss: 16.300316
2024-12-14 11:34: **********Val Epoch 48: average Loss: 16.625204
2024-12-14 11:34: Train Epoch 49: 0/164 Loss: 15.298972
2024-12-14 11:34: Train Epoch 49: 20/164 Loss: 18.842384
2024-12-14 11:34: Train Epoch 49: 40/164 Loss: 15.848555
2024-12-14 11:34: Train Epoch 49: 60/164 Loss: 15.601024
2024-12-14 11:34: Train Epoch 49: 80/164 Loss: 13.299822
2024-12-14 11:34: Train Epoch 49: 100/164 Loss: 14.430264
2024-12-14 11:34: Train Epoch 49: 120/164 Loss: 17.876713
2024-12-14 11:34: Train Epoch 49: 140/164 Loss: 16.156971
2024-12-14 11:34: Train Epoch 49: 160/164 Loss: 17.973829
2024-12-14 11:34: **********Train Epoch 49: averaged Loss: 16.168725
2024-12-14 11:34: **********Val Epoch 49: average Loss: 16.441671
2024-12-14 11:34: Train Epoch 50: 0/164 Loss: 14.971474
2024-12-14 11:34: Train Epoch 50: 20/164 Loss: 14.756451
2024-12-14 11:34: Train Epoch 50: 40/164 Loss: 16.493784
2024-12-14 11:34: Train Epoch 50: 60/164 Loss: 15.664804
2024-12-14 11:34: Train Epoch 50: 80/164 Loss: 13.736391
2024-12-14 11:34: Train Epoch 50: 100/164 Loss: 15.171880
2024-12-14 11:35: Train Epoch 50: 120/164 Loss: 19.130953
2024-12-14 11:35: Train Epoch 50: 140/164 Loss: 17.566252
2024-12-14 11:35: Train Epoch 50: 160/164 Loss: 15.873842
2024-12-14 11:35: **********Train Epoch 50: averaged Loss: 15.805720
2024-12-14 11:35: **********Val Epoch 50: average Loss: 17.048701
2024-12-14 11:35: Train Epoch 51: 0/164 Loss: 14.518479
2024-12-14 11:35: Train Epoch 51: 20/164 Loss: 14.781803
2024-12-14 11:35: Train Epoch 51: 40/164 Loss: 17.127039
2024-12-14 11:35: Train Epoch 51: 60/164 Loss: 14.893827
2024-12-14 11:35: Train Epoch 51: 80/164 Loss: 15.442502
2024-12-14 11:35: Train Epoch 51: 100/164 Loss: 16.040766
2024-12-14 11:35: Train Epoch 51: 120/164 Loss: 18.497761
2024-12-14 11:35: Train Epoch 51: 140/164 Loss: 17.214502
2024-12-14 11:35: Train Epoch 51: 160/164 Loss: 14.456934
2024-12-14 11:35: **********Train Epoch 51: averaged Loss: 15.805422
2024-12-14 11:35: **********Val Epoch 51: average Loss: 16.729978
2024-12-14 11:35: Train Epoch 52: 0/164 Loss: 14.993072
2024-12-14 11:35: Train Epoch 52: 20/164 Loss: 14.609567
2024-12-14 11:35: Train Epoch 52: 40/164 Loss: 15.483312
2024-12-14 11:35: Train Epoch 52: 60/164 Loss: 17.228973
2024-12-14 11:35: Train Epoch 52: 80/164 Loss: 14.033869
2024-12-14 11:35: Train Epoch 52: 100/164 Loss: 14.283381
2024-12-14 11:35: Train Epoch 52: 120/164 Loss: 13.995752
2024-12-14 11:35: Train Epoch 52: 140/164 Loss: 16.730122
2024-12-14 11:36: Train Epoch 52: 160/164 Loss: 15.242033
2024-12-14 11:36: **********Train Epoch 52: averaged Loss: 15.858366
2024-12-14 11:36: **********Val Epoch 52: average Loss: 16.634276
2024-12-14 11:36: Train Epoch 53: 0/164 Loss: 17.463224
2024-12-14 11:36: Train Epoch 53: 20/164 Loss: 14.734657
2024-12-14 11:36: Train Epoch 53: 40/164 Loss: 14.631432
2024-12-14 11:36: Train Epoch 53: 60/164 Loss: 14.858364
2024-12-14 11:36: Train Epoch 53: 80/164 Loss: 14.991334
2024-12-14 11:36: Train Epoch 53: 100/164 Loss: 13.500654
2024-12-14 11:36: Train Epoch 53: 120/164 Loss: 17.183838
2024-12-14 11:36: Train Epoch 53: 140/164 Loss: 14.214540
2024-12-14 11:36: Train Epoch 53: 160/164 Loss: 13.491904
2024-12-14 11:36: **********Train Epoch 53: averaged Loss: 15.774337
2024-12-14 11:36: **********Val Epoch 53: average Loss: 16.617265
2024-12-14 11:36: Train Epoch 54: 0/164 Loss: 14.877170
2024-12-14 11:36: Train Epoch 54: 20/164 Loss: 15.178163
2024-12-14 11:36: Train Epoch 54: 40/164 Loss: 15.905174
2024-12-14 11:36: Train Epoch 54: 60/164 Loss: 16.085266
2024-12-14 11:36: Train Epoch 54: 80/164 Loss: 16.424463
2024-12-14 11:36: Train Epoch 54: 100/164 Loss: 16.829355
2024-12-14 11:36: Train Epoch 54: 120/164 Loss: 14.536493
2024-12-14 11:36: Train Epoch 54: 140/164 Loss: 16.201773
2024-12-14 11:36: Train Epoch 54: 160/164 Loss: 16.234104
2024-12-14 11:36: **********Train Epoch 54: averaged Loss: 15.586083
2024-12-14 11:36: **********Val Epoch 54: average Loss: 16.422760
2024-12-14 11:36: Train Epoch 55: 0/164 Loss: 15.897208
2024-12-14 11:37: Train Epoch 55: 20/164 Loss: 14.496076
2024-12-14 11:37: Train Epoch 55: 40/164 Loss: 14.755662
2024-12-14 11:37: Train Epoch 55: 60/164 Loss: 16.372620
2024-12-14 11:37: Train Epoch 55: 80/164 Loss: 14.460931
2024-12-14 11:37: Train Epoch 55: 100/164 Loss: 14.500847
2024-12-14 11:37: Train Epoch 55: 120/164 Loss: 13.426983
2024-12-14 11:37: Train Epoch 55: 140/164 Loss: 17.519943
2024-12-14 11:37: Train Epoch 55: 160/164 Loss: 14.897968
2024-12-14 11:37: **********Train Epoch 55: averaged Loss: 15.566516
2024-12-14 11:37: **********Val Epoch 55: average Loss: 16.231070
2024-12-14 11:37: Train Epoch 56: 0/164 Loss: 12.700172
2024-12-14 11:37: Train Epoch 56: 20/164 Loss: 15.818148
2024-12-14 11:37: Train Epoch 56: 40/164 Loss: 15.729053
2024-12-14 11:37: Train Epoch 56: 60/164 Loss: 16.113434
2024-12-14 11:37: Train Epoch 56: 80/164 Loss: 14.769342
2024-12-14 11:37: Train Epoch 56: 100/164 Loss: 15.347756
2024-12-14 11:37: Train Epoch 56: 120/164 Loss: 19.151682
2024-12-14 11:37: Train Epoch 56: 140/164 Loss: 14.900902
2024-12-14 11:37: Train Epoch 56: 160/164 Loss: 15.818639
2024-12-14 11:37: **********Train Epoch 56: averaged Loss: 15.471379
2024-12-14 11:37: **********Val Epoch 56: average Loss: 16.915930
2024-12-14 11:37: Train Epoch 57: 0/164 Loss: 16.626656
2024-12-14 11:37: Train Epoch 57: 20/164 Loss: 14.547256
2024-12-14 11:37: Train Epoch 57: 40/164 Loss: 14.937121
2024-12-14 11:38: Train Epoch 57: 60/164 Loss: 14.698127
2024-12-14 11:38: Train Epoch 57: 80/164 Loss: 14.464721
2024-12-14 11:38: Train Epoch 57: 100/164 Loss: 16.858316
2024-12-14 11:38: Train Epoch 57: 120/164 Loss: 14.921785
2024-12-14 11:38: Train Epoch 57: 140/164 Loss: 17.514669
2024-12-14 11:38: Train Epoch 57: 160/164 Loss: 14.114151
2024-12-14 11:38: **********Train Epoch 57: averaged Loss: 15.549424
2024-12-14 11:38: **********Val Epoch 57: average Loss: 16.205156
2024-12-14 11:38: Train Epoch 58: 0/164 Loss: 14.107743
2024-12-14 11:38: Train Epoch 58: 20/164 Loss: 16.361263
2024-12-14 11:38: Train Epoch 58: 40/164 Loss: 14.672189
2024-12-14 11:38: Train Epoch 58: 60/164 Loss: 17.597946
2024-12-14 11:38: Train Epoch 58: 80/164 Loss: 15.573155
2024-12-14 11:38: Train Epoch 58: 100/164 Loss: 14.950771
2024-12-14 11:38: Train Epoch 58: 120/164 Loss: 16.247055
2024-12-14 11:38: Train Epoch 58: 140/164 Loss: 14.874868
2024-12-14 11:38: Train Epoch 58: 160/164 Loss: 18.234518
2024-12-14 11:38: **********Train Epoch 58: averaged Loss: 15.582301
2024-12-14 11:38: **********Val Epoch 58: average Loss: 17.353557
2024-12-14 11:38: Train Epoch 59: 0/164 Loss: 16.684242
2024-12-14 11:38: Train Epoch 59: 20/164 Loss: 19.825319
2024-12-14 11:38: Train Epoch 59: 40/164 Loss: 14.593558
2024-12-14 11:38: Train Epoch 59: 60/164 Loss: 14.249104
2024-12-14 11:38: Train Epoch 59: 80/164 Loss: 14.651925
2024-12-14 11:39: Train Epoch 59: 100/164 Loss: 15.184501
2024-12-14 11:39: Train Epoch 59: 120/164 Loss: 17.261166
2024-12-14 11:39: Train Epoch 59: 140/164 Loss: 15.300355
2024-12-14 11:39: Train Epoch 59: 160/164 Loss: 17.931538
2024-12-14 11:39: **********Train Epoch 59: averaged Loss: 15.528734
2024-12-14 11:39: **********Val Epoch 59: average Loss: 17.884042
2024-12-14 11:39: Train Epoch 60: 0/164 Loss: 17.378851
2024-12-14 11:39: Train Epoch 60: 20/164 Loss: 15.538867
2024-12-14 11:39: Train Epoch 60: 40/164 Loss: 15.451797
2024-12-14 11:39: Train Epoch 60: 60/164 Loss: 13.954185
2024-12-14 11:39: Train Epoch 60: 80/164 Loss: 15.555656
2024-12-14 11:39: Train Epoch 60: 100/164 Loss: 15.225424
2024-12-14 11:39: Train Epoch 60: 120/164 Loss: 14.619892
2024-12-14 11:39: Train Epoch 60: 140/164 Loss: 17.305880
2024-12-14 11:39: Train Epoch 60: 160/164 Loss: 14.858599
2024-12-14 11:39: **********Train Epoch 60: averaged Loss: 15.528888
2024-12-14 11:39: **********Val Epoch 60: average Loss: 16.032527
2024-12-14 11:39: Train Epoch 61: 0/164 Loss: 15.867146
2024-12-14 11:39: Train Epoch 61: 20/164 Loss: 14.079030
2024-12-14 11:39: Train Epoch 61: 40/164 Loss: 14.800848
2024-12-14 11:39: Train Epoch 61: 60/164 Loss: 15.664395
2024-12-14 11:39: Train Epoch 61: 80/164 Loss: 17.079180
2024-12-14 11:39: Train Epoch 61: 100/164 Loss: 14.669297
2024-12-14 11:39: Train Epoch 61: 120/164 Loss: 15.712916
2024-12-14 11:40: Train Epoch 61: 140/164 Loss: 15.308852
2024-12-14 11:40: Train Epoch 61: 160/164 Loss: 14.513164
2024-12-14 11:40: **********Train Epoch 61: averaged Loss: 15.201119
2024-12-14 11:40: **********Val Epoch 61: average Loss: 16.258626
2024-12-14 11:40: Train Epoch 62: 0/164 Loss: 15.034985
2024-12-14 11:40: Train Epoch 62: 20/164 Loss: 13.740185
2024-12-14 11:40: Train Epoch 62: 40/164 Loss: 14.850302
2024-12-14 11:40: Train Epoch 62: 60/164 Loss: 15.983222
2024-12-14 11:40: Train Epoch 62: 80/164 Loss: 16.976692
2024-12-14 11:40: Train Epoch 62: 100/164 Loss: 18.789995
2024-12-14 11:40: Train Epoch 62: 120/164 Loss: 14.570786
2024-12-14 11:40: Train Epoch 62: 140/164 Loss: 15.319664
2024-12-14 11:40: Train Epoch 62: 160/164 Loss: 15.735308
2024-12-14 11:40: **********Train Epoch 62: averaged Loss: 15.121570
2024-12-14 11:40: **********Val Epoch 62: average Loss: 15.832567
2024-12-14 11:40: Train Epoch 63: 0/164 Loss: 14.867528
2024-12-14 11:40: Train Epoch 63: 20/164 Loss: 15.333925
2024-12-14 11:40: Train Epoch 63: 40/164 Loss: 13.678786
2024-12-14 11:40: Train Epoch 63: 60/164 Loss: 14.692533
2024-12-14 11:40: Train Epoch 63: 80/164 Loss: 15.816317
2024-12-14 11:40: Train Epoch 63: 100/164 Loss: 14.484336
2024-12-14 11:40: Train Epoch 63: 120/164 Loss: 14.897627
2024-12-14 11:40: Train Epoch 63: 140/164 Loss: 16.257366
2024-12-14 11:40: Train Epoch 63: 160/164 Loss: 13.463036
2024-12-14 11:40: **********Train Epoch 63: averaged Loss: 15.096021
2024-12-14 11:41: **********Val Epoch 63: average Loss: 15.769999
2024-12-14 11:41: Train Epoch 64: 0/164 Loss: 14.397606
2024-12-14 11:41: Train Epoch 64: 20/164 Loss: 13.310080
2024-12-14 11:41: Train Epoch 64: 40/164 Loss: 13.049000
2024-12-14 11:41: Train Epoch 64: 60/164 Loss: 16.942783
2024-12-14 11:41: Train Epoch 64: 80/164 Loss: 15.282229
2024-12-14 11:41: Train Epoch 64: 100/164 Loss: 15.067242
2024-12-14 11:41: Train Epoch 64: 120/164 Loss: 14.922102
2024-12-14 11:41: Train Epoch 64: 140/164 Loss: 19.102316
2024-12-14 11:41: Train Epoch 64: 160/164 Loss: 13.884762
2024-12-14 11:41: **********Train Epoch 64: averaged Loss: 15.051024
2024-12-14 11:41: **********Val Epoch 64: average Loss: 15.773616
2024-12-14 11:41: Train Epoch 65: 0/164 Loss: 12.818612
2024-12-14 11:41: Train Epoch 65: 20/164 Loss: 14.436398
2024-12-14 11:41: Train Epoch 65: 40/164 Loss: 13.998059
2024-12-14 11:41: Train Epoch 65: 60/164 Loss: 14.908392
2024-12-14 11:41: Train Epoch 65: 80/164 Loss: 15.225868
2024-12-14 11:41: Train Epoch 65: 100/164 Loss: 15.424146
2024-12-14 11:41: Train Epoch 65: 120/164 Loss: 15.498147
2024-12-14 11:41: Train Epoch 65: 140/164 Loss: 17.159319
2024-12-14 11:41: Train Epoch 65: 160/164 Loss: 16.078108
2024-12-14 11:41: **********Train Epoch 65: averaged Loss: 15.180408
2024-12-14 11:41: **********Val Epoch 65: average Loss: 15.940746
2024-12-14 11:41: Train Epoch 66: 0/164 Loss: 14.110408
2024-12-14 11:41: Train Epoch 66: 20/164 Loss: 15.069308
2024-12-14 11:42: Train Epoch 66: 40/164 Loss: 14.216195
2024-12-14 11:42: Train Epoch 66: 60/164 Loss: 15.049908
2024-12-14 11:42: Train Epoch 66: 80/164 Loss: 15.838282
2024-12-14 11:42: Train Epoch 66: 100/164 Loss: 14.239687
2024-12-14 11:42: Train Epoch 66: 120/164 Loss: 14.551444
2024-12-14 11:42: Train Epoch 66: 140/164 Loss: 15.269739
2024-12-14 11:42: Train Epoch 66: 160/164 Loss: 15.337337
2024-12-14 11:42: **********Train Epoch 66: averaged Loss: 15.065747
2024-12-14 11:42: **********Val Epoch 66: average Loss: 15.872998
2024-12-14 11:42: Train Epoch 67: 0/164 Loss: 16.860146
2024-12-14 11:42: Train Epoch 67: 20/164 Loss: 13.868826
2024-12-14 11:42: Train Epoch 67: 40/164 Loss: 16.012350
2024-12-14 11:42: Train Epoch 67: 60/164 Loss: 14.742494
2024-12-14 11:42: Train Epoch 67: 80/164 Loss: 16.297110
2024-12-14 11:42: Train Epoch 67: 100/164 Loss: 15.157600
2024-12-14 11:42: Train Epoch 67: 120/164 Loss: 14.120366
2024-12-14 11:42: Train Epoch 67: 140/164 Loss: 16.412189
2024-12-14 11:42: Train Epoch 67: 160/164 Loss: 15.783125
2024-12-14 11:42: **********Train Epoch 67: averaged Loss: 14.882530
2024-12-14 11:42: **********Val Epoch 67: average Loss: 15.390801
2024-12-14 11:42: Train Epoch 68: 0/164 Loss: 16.186186
2024-12-14 11:42: Train Epoch 68: 20/164 Loss: 13.641096
2024-12-14 11:42: Train Epoch 68: 40/164 Loss: 16.718502
2024-12-14 11:42: Train Epoch 68: 60/164 Loss: 14.673422
2024-12-14 11:43: Train Epoch 68: 80/164 Loss: 15.835504
2024-12-14 11:43: Train Epoch 68: 100/164 Loss: 13.097982
2024-12-14 11:43: Train Epoch 68: 120/164 Loss: 13.750489
2024-12-14 11:43: Train Epoch 68: 140/164 Loss: 16.241085
2024-12-14 11:43: Train Epoch 68: 160/164 Loss: 15.669451
2024-12-14 11:43: **********Train Epoch 68: averaged Loss: 14.927201
2024-12-14 11:43: **********Val Epoch 68: average Loss: 15.604852
2024-12-14 11:43: Train Epoch 69: 0/164 Loss: 15.735057
2024-12-14 11:43: Train Epoch 69: 20/164 Loss: 14.286407
2024-12-14 11:43: Train Epoch 69: 40/164 Loss: 13.088578
2024-12-14 11:43: Train Epoch 69: 60/164 Loss: 17.074102
2024-12-14 11:43: Train Epoch 69: 80/164 Loss: 15.746846
2024-12-14 11:43: Train Epoch 69: 100/164 Loss: 15.762790
2024-12-14 11:43: Train Epoch 69: 120/164 Loss: 15.374286
2024-12-14 11:43: Train Epoch 69: 140/164 Loss: 16.962418
2024-12-14 11:43: Train Epoch 69: 160/164 Loss: 12.392283
2024-12-14 11:43: **********Train Epoch 69: averaged Loss: 14.900792
2024-12-14 11:43: **********Val Epoch 69: average Loss: 15.521422
2024-12-14 11:43: Train Epoch 70: 0/164 Loss: 13.620718
2024-12-14 11:43: Train Epoch 70: 20/164 Loss: 15.327685
2024-12-14 11:43: Train Epoch 70: 40/164 Loss: 13.984178
2024-12-14 11:43: Train Epoch 70: 60/164 Loss: 13.038895
2024-12-14 11:43: Train Epoch 70: 80/164 Loss: 13.172647
2024-12-14 11:43: Train Epoch 70: 100/164 Loss: 13.564607
2024-12-14 11:44: Train Epoch 70: 120/164 Loss: 13.882234
2024-12-14 11:44: Train Epoch 70: 140/164 Loss: 13.157806
2024-12-14 11:44: Train Epoch 70: 160/164 Loss: 14.129545
2024-12-14 11:44: **********Train Epoch 70: averaged Loss: 14.894431
2024-12-14 11:44: **********Val Epoch 70: average Loss: 15.366951
2024-12-14 11:44: Train Epoch 71: 0/164 Loss: 13.080898
2024-12-14 11:44: Train Epoch 71: 20/164 Loss: 15.283817
2024-12-14 11:44: Train Epoch 71: 40/164 Loss: 14.976677
2024-12-14 11:44: Train Epoch 71: 60/164 Loss: 17.504137
2024-12-14 11:44: Train Epoch 71: 80/164 Loss: 14.921850
2024-12-14 11:44: Train Epoch 71: 100/164 Loss: 13.805543
2024-12-14 11:44: Train Epoch 71: 120/164 Loss: 14.399983
2024-12-14 11:44: Train Epoch 71: 140/164 Loss: 15.195614
2024-12-14 11:44: Train Epoch 71: 160/164 Loss: 13.313301
2024-12-14 11:44: **********Train Epoch 71: averaged Loss: 15.017075
2024-12-14 11:44: **********Val Epoch 71: average Loss: 16.006658
2024-12-14 11:44: Train Epoch 72: 0/164 Loss: 16.851589
2024-12-14 11:44: Train Epoch 72: 20/164 Loss: 15.469139
2024-12-14 11:44: Train Epoch 72: 40/164 Loss: 14.416869
2024-12-14 11:44: Train Epoch 72: 60/164 Loss: 14.420689
2024-12-14 11:44: Train Epoch 72: 80/164 Loss: 15.223843
2024-12-14 11:44: Train Epoch 72: 100/164 Loss: 11.948318
2024-12-14 11:44: Train Epoch 72: 120/164 Loss: 15.765595
2024-12-14 11:44: Train Epoch 72: 140/164 Loss: 17.082466
2024-12-14 11:45: Train Epoch 72: 160/164 Loss: 15.568830
2024-12-14 11:45: **********Train Epoch 72: averaged Loss: 15.032293
2024-12-14 11:45: **********Val Epoch 72: average Loss: 15.831885
2024-12-14 11:45: Train Epoch 73: 0/164 Loss: 14.576897
2024-12-14 11:45: Train Epoch 73: 20/164 Loss: 13.933516
2024-12-14 11:45: Train Epoch 73: 40/164 Loss: 13.564789
2024-12-14 11:45: Train Epoch 73: 60/164 Loss: 15.226694
2024-12-14 11:45: Train Epoch 73: 80/164 Loss: 14.359522
2024-12-14 11:45: Train Epoch 73: 100/164 Loss: 13.273637
2024-12-14 11:45: Train Epoch 73: 120/164 Loss: 15.205813
2024-12-14 11:45: Train Epoch 73: 140/164 Loss: 16.006304
2024-12-14 11:45: Train Epoch 73: 160/164 Loss: 14.982158
2024-12-14 11:45: **********Train Epoch 73: averaged Loss: 14.733999
2024-12-14 11:45: **********Val Epoch 73: average Loss: 15.521273
2024-12-14 11:45: Train Epoch 74: 0/164 Loss: 14.918830
2024-12-14 11:45: Train Epoch 74: 20/164 Loss: 15.089449
2024-12-14 11:45: Train Epoch 74: 40/164 Loss: 17.838871
2024-12-14 11:45: Train Epoch 74: 60/164 Loss: 14.324834
2024-12-14 11:45: Train Epoch 74: 80/164 Loss: 13.458113
2024-12-14 11:45: Train Epoch 74: 100/164 Loss: 14.569779
2024-12-14 11:45: Train Epoch 74: 120/164 Loss: 15.615758
2024-12-14 11:45: Train Epoch 74: 140/164 Loss: 12.306762
2024-12-14 11:45: Train Epoch 74: 160/164 Loss: 14.294031
2024-12-14 11:45: **********Train Epoch 74: averaged Loss: 14.641212
2024-12-14 11:46: **********Val Epoch 74: average Loss: 15.322531
2024-12-14 11:46: Train Epoch 75: 0/164 Loss: 13.634498
2024-12-14 11:46: Train Epoch 75: 20/164 Loss: 14.760122
2024-12-14 11:46: Train Epoch 75: 40/164 Loss: 14.205908
2024-12-14 11:46: Train Epoch 75: 60/164 Loss: 14.222594
2024-12-14 11:46: Train Epoch 75: 80/164 Loss: 13.649253
2024-12-14 11:46: Train Epoch 75: 100/164 Loss: 15.467799
2024-12-14 11:46: Train Epoch 75: 120/164 Loss: 14.239740
2024-12-14 11:46: Train Epoch 75: 140/164 Loss: 13.623003
2024-12-14 11:46: Train Epoch 75: 160/164 Loss: 14.835101
2024-12-14 11:46: **********Train Epoch 75: averaged Loss: 14.548514
2024-12-14 11:46: **********Val Epoch 75: average Loss: 15.750631
2024-12-14 11:46: Train Epoch 76: 0/164 Loss: 18.597895
2024-12-14 11:46: Train Epoch 76: 20/164 Loss: 13.707522
2024-12-14 11:46: Train Epoch 76: 40/164 Loss: 13.971392
2024-12-14 11:46: Train Epoch 76: 60/164 Loss: 13.989402
2024-12-14 11:46: Train Epoch 76: 80/164 Loss: 15.297902
2024-12-14 11:46: Train Epoch 76: 100/164 Loss: 17.532774
2024-12-14 11:46: Train Epoch 76: 120/164 Loss: 18.069807
2024-12-14 11:46: Train Epoch 76: 140/164 Loss: 13.679728
2024-12-14 11:46: Train Epoch 76: 160/164 Loss: 14.919743
2024-12-14 11:46: **********Train Epoch 76: averaged Loss: 14.608620
2024-12-14 11:46: **********Val Epoch 76: average Loss: 15.674043
2024-12-14 11:46: Train Epoch 77: 0/164 Loss: 16.030003
2024-12-14 11:46: Train Epoch 77: 20/164 Loss: 16.881712
2024-12-14 11:47: Train Epoch 77: 40/164 Loss: 16.666990
2024-12-14 11:47: Train Epoch 77: 60/164 Loss: 14.292784
2024-12-14 11:47: Train Epoch 77: 80/164 Loss: 15.394941
2024-12-14 11:47: Train Epoch 77: 100/164 Loss: 15.168224
2024-12-14 11:47: Train Epoch 77: 120/164 Loss: 15.590307
2024-12-14 11:47: Train Epoch 77: 140/164 Loss: 13.854340
2024-12-14 11:47: Train Epoch 77: 160/164 Loss: 13.361144
2024-12-14 11:47: **********Train Epoch 77: averaged Loss: 14.563519
2024-12-14 11:47: **********Val Epoch 77: average Loss: 15.423300
2024-12-14 11:47: Train Epoch 78: 0/164 Loss: 14.364487
2024-12-14 11:47: Train Epoch 78: 20/164 Loss: 15.180495
2024-12-14 11:47: Train Epoch 78: 40/164 Loss: 15.335299
2024-12-14 11:47: Train Epoch 78: 60/164 Loss: 14.874275
2024-12-14 11:47: Train Epoch 78: 80/164 Loss: 13.731046
2024-12-14 11:47: Train Epoch 78: 100/164 Loss: 13.177979
2024-12-14 11:47: Train Epoch 78: 120/164 Loss: 14.162533
2024-12-14 11:47: Train Epoch 78: 140/164 Loss: 13.847040
2024-12-14 11:47: Train Epoch 78: 160/164 Loss: 16.194822
2024-12-14 11:47: **********Train Epoch 78: averaged Loss: 14.620002
2024-12-14 11:47: **********Val Epoch 78: average Loss: 15.233884
2024-12-14 11:47: Train Epoch 79: 0/164 Loss: 14.311289
2024-12-14 11:47: Train Epoch 79: 20/164 Loss: 14.624866
2024-12-14 11:47: Train Epoch 79: 40/164 Loss: 14.811373
2024-12-14 11:47: Train Epoch 79: 60/164 Loss: 13.903423
2024-12-14 11:48: Train Epoch 79: 80/164 Loss: 17.268114
2024-12-14 11:48: Train Epoch 79: 100/164 Loss: 14.199158
2024-12-14 11:48: Train Epoch 79: 120/164 Loss: 15.951581
2024-12-14 11:48: Train Epoch 79: 140/164 Loss: 12.810527
2024-12-14 11:48: Train Epoch 79: 160/164 Loss: 16.485209
2024-12-14 11:48: **********Train Epoch 79: averaged Loss: 14.456771
2024-12-14 11:48: **********Val Epoch 79: average Loss: 15.483128
2024-12-14 11:48: Train Epoch 80: 0/164 Loss: 13.536884
2024-12-14 11:48: Train Epoch 80: 20/164 Loss: 12.329965
2024-12-14 11:48: Train Epoch 80: 40/164 Loss: 14.320904
2024-12-14 11:48: Train Epoch 80: 60/164 Loss: 14.720886
2024-12-14 11:48: Train Epoch 80: 80/164 Loss: 15.229277
2024-12-14 11:48: Train Epoch 80: 100/164 Loss: 13.360776
2024-12-14 11:48: Train Epoch 80: 120/164 Loss: 14.766942
2024-12-14 11:48: Train Epoch 80: 140/164 Loss: 13.035723
2024-12-14 11:48: Train Epoch 80: 160/164 Loss: 13.390218
2024-12-14 11:48: **********Train Epoch 80: averaged Loss: 14.452467
2024-12-14 11:48: **********Val Epoch 80: average Loss: 15.178472
2024-12-14 11:48: Train Epoch 81: 0/164 Loss: 14.098292
2024-12-14 11:48: Train Epoch 81: 20/164 Loss: 14.497178
2024-12-14 11:48: Train Epoch 81: 40/164 Loss: 14.050842
2024-12-14 11:48: Train Epoch 81: 60/164 Loss: 14.472366
2024-12-14 11:48: Train Epoch 81: 80/164 Loss: 12.333558
2024-12-14 11:48: Train Epoch 81: 100/164 Loss: 14.197241
2024-12-14 11:49: Train Epoch 81: 120/164 Loss: 12.844013
2024-12-14 11:49: Train Epoch 81: 140/164 Loss: 14.932912
2024-12-14 11:49: Train Epoch 81: 160/164 Loss: 14.988915
2024-12-14 11:49: **********Train Epoch 81: averaged Loss: 14.413158
2024-12-14 11:49: **********Val Epoch 81: average Loss: 15.510789
2024-12-14 11:49: Train Epoch 82: 0/164 Loss: 16.211435
2024-12-14 11:49: Train Epoch 82: 20/164 Loss: 12.559227
2024-12-14 11:49: Train Epoch 82: 40/164 Loss: 14.531443
2024-12-14 11:49: Train Epoch 82: 60/164 Loss: 13.297469
2024-12-14 11:49: Train Epoch 82: 80/164 Loss: 16.232527
2024-12-14 11:49: Train Epoch 82: 100/164 Loss: 15.345006
2024-12-14 11:49: Train Epoch 82: 120/164 Loss: 15.163689
2024-12-14 11:49: Train Epoch 82: 140/164 Loss: 14.019535
2024-12-14 11:49: Train Epoch 82: 160/164 Loss: 13.895236
2024-12-14 11:49: **********Train Epoch 82: averaged Loss: 14.388369
2024-12-14 11:49: **********Val Epoch 82: average Loss: 15.292446
2024-12-14 11:49: Train Epoch 83: 0/164 Loss: 14.896854
2024-12-14 11:49: Train Epoch 83: 20/164 Loss: 12.672101
2024-12-14 11:49: Train Epoch 83: 40/164 Loss: 14.570760
2024-12-14 11:49: Train Epoch 83: 60/164 Loss: 12.527365
2024-12-14 11:49: Train Epoch 83: 80/164 Loss: 16.911274
2024-12-14 11:49: Train Epoch 83: 100/164 Loss: 15.114850
2024-12-14 11:49: Train Epoch 83: 120/164 Loss: 18.704370
2024-12-14 11:49: Train Epoch 83: 140/164 Loss: 13.647400
2024-12-14 11:50: Train Epoch 83: 160/164 Loss: 13.956413
2024-12-14 11:50: **********Train Epoch 83: averaged Loss: 14.445857
2024-12-14 11:50: **********Val Epoch 83: average Loss: 15.331441
2024-12-14 11:50: Train Epoch 84: 0/164 Loss: 16.221928
2024-12-14 11:50: Train Epoch 84: 20/164 Loss: 17.054564
2024-12-14 11:50: Train Epoch 84: 40/164 Loss: 12.775512
2024-12-14 11:50: Train Epoch 84: 60/164 Loss: 15.590340
2024-12-14 11:50: Train Epoch 84: 80/164 Loss: 15.658751
2024-12-14 11:50: Train Epoch 84: 100/164 Loss: 12.646398
2024-12-14 11:50: Train Epoch 84: 120/164 Loss: 15.957804
2024-12-14 11:50: Train Epoch 84: 140/164 Loss: 14.599013
2024-12-14 11:50: Train Epoch 84: 160/164 Loss: 13.911577
2024-12-14 11:50: **********Train Epoch 84: averaged Loss: 14.485814
2024-12-14 11:50: **********Val Epoch 84: average Loss: 15.406749
2024-12-14 11:50: Train Epoch 85: 0/164 Loss: 14.892753
2024-12-14 11:50: Train Epoch 85: 20/164 Loss: 16.511745
2024-12-14 11:50: Train Epoch 85: 40/164 Loss: 13.256103
2024-12-14 11:50: Train Epoch 85: 60/164 Loss: 14.294058
2024-12-14 11:50: Train Epoch 85: 80/164 Loss: 14.944204
2024-12-14 11:50: Train Epoch 85: 100/164 Loss: 15.917055
2024-12-14 11:50: Train Epoch 85: 120/164 Loss: 15.287379
2024-12-14 11:50: Train Epoch 85: 140/164 Loss: 14.517614
2024-12-14 11:50: Train Epoch 85: 160/164 Loss: 13.692968
2024-12-14 11:50: **********Train Epoch 85: averaged Loss: 14.498187
2024-12-14 11:50: **********Val Epoch 85: average Loss: 15.384682
2024-12-14 11:51: Saving current best model to ./results\bj_35_in_24h_out_12h\best_model.pth
2024-12-14 11:51: loss_PM25:13.30626392364502,rmse_PM25:24.076784133911133,mape_PM25:0.4528288245201111,r2_PM25:0.8540707230567932
2024-12-14 11:51: loss_PM10:20.4801025390625,rmse_PM10:37.72239303588867,mape_PM10:0.3506809175014496,r2_PM10:0.7838449478149414
2024-12-14 11:51: loss_O3:13.527769088745117,rmse_O3:19.62938690185547,mape_O3:0.9462592601776123,r2_O3:0.8705624341964722
2024-12-14 11:51: loss_NO2:10.603482246398926,rmse_NO2:14.836027145385742,mape_NO2:0.4099458158016205,r2_NO2:0.7655238509178162
